<?xml version="1.0" encoding="UTF-8"?>
<testng-results ignored="0" total="1" passed="1" failed="0" skipped="0">
  <reporter-output>
  </reporter-output>
  <suite started-at="2024-04-20T16:45:32Z" name="Default suite" finished-at="2024-04-20T16:45:38Z" duration-ms="5963">
    <groups>
    </groups>
    <test started-at="2024-04-20T16:45:32Z" name="Default test" finished-at="2024-04-20T16:45:38Z" duration-ms="5963">
      <class name="pruebang.SelTest">
        <test-method signature="test01()[pri:0, instance:pruebang.SelTest@56c4278e]" started-at="2024-04-20T10:45:32Z" name="test01" finished-at="2024-04-20T10:45:38Z" duration-ms="5950" status="PASS">
          <reporter-output>
          </reporter-output>
        </test-method> <!-- test01 -->
      </class> <!-- pruebang.SelTest -->
    </test> <!-- Default test -->
  </suite> <!-- Default suite -->
</testng-results>
